<?xml version="1.0" encoding="UTF-8"?>
<coverage generated="1705426177545" clover="3.2.0">
  <project timestamp="1705426177545" name="All files">
    <metrics statements="24" coveredstatements="24" conditionals="13" coveredconditionals="13" methods="18" coveredmethods="18" elements="55" coveredelements="55" complexity="0" loc="24" ncloc="24" packages="2" files="3" classes="3"/>
    <package name="Board">
      <metrics statements="19" coveredstatements="19" conditionals="13" coveredconditionals="13" methods="15" coveredmethods="15"/>
      <file name="Board.ts" path="C:\Users\alukard\Documents\GitHub\ab\src\Board\Board.ts">
        <metrics statements="19" coveredstatements="19" conditionals="13" coveredconditionals="13" methods="15" coveredmethods="15"/>
        <line num="9" count="5" type="stmt"/>
        <line num="14" count="10" type="cond" truecount="5" falsecount="0"/>
        <line num="15" count="1" type="stmt"/>
        <line num="18" count="3" type="stmt"/>
        <line num="19" count="3" type="stmt"/>
        <line num="20" count="3" type="stmt"/>
        <line num="24" count="9" type="stmt"/>
        <line num="25" count="1" type="stmt"/>
        <line num="26" count="1" type="stmt"/>
        <line num="30" count="1" type="stmt"/>
        <line num="31" count="1" type="stmt"/>
        <line num="32" count="4" type="stmt"/>
        <line num="33" count="1" type="stmt"/>
        <line num="37" count="4" type="cond" truecount="6" falsecount="0"/>
        <line num="38" count="2" type="stmt"/>
        <line num="40" count="2" type="stmt"/>
        <line num="44" count="4" type="stmt"/>
        <line num="48" count="12" type="cond" truecount="2" falsecount="0"/>
        <line num="49" count="10" type="stmt"/>
      </file>
    </package>
    <package name="Point">
      <metrics statements="5" coveredstatements="5" conditionals="0" coveredconditionals="0" methods="3" coveredmethods="3"/>
      <file name="Point.ts" path="C:\Users\alukard\Documents\GitHub\ab\src\Point\Point.ts">
        <metrics statements="5" coveredstatements="5" conditionals="0" coveredconditionals="0" methods="3" coveredmethods="3"/>
        <line num="5" count="1" type="stmt"/>
        <line num="8" count="7" type="stmt"/>
        <line num="9" count="7" type="stmt"/>
        <line num="12" count="7" type="stmt"/>
        <line num="13" count="1" type="stmt"/>
      </file>
      <file name="index.ts" path="C:\Users\alukard\Documents\GitHub\ab\src\Point\index.ts">
        <metrics statements="0" coveredstatements="0" conditionals="0" coveredconditionals="0" methods="0" coveredmethods="0"/>
      </file>
    </package>
  </project>
</coverage>
