<?xml version="1.0" encoding="UTF-8"?>
<coverage generated="1677540184484" clover="3.2.0">
  <project timestamp="1677540184484" name="All files">
    <metrics statements="23" coveredstatements="23" conditionals="17" coveredconditionals="17" methods="16" coveredmethods="16" elements="56" coveredelements="56" complexity="0" loc="23" ncloc="23" packages="2" files="3" classes="3"/>
    <package name="Board">
      <metrics statements="18" coveredstatements="18" conditionals="17" coveredconditionals="17" methods="13" coveredmethods="13"/>
      <file name="Board.ts" path="/Users/nikolajartemov/projects/ab/src/Board/Board.ts">
        <metrics statements="18" coveredstatements="18" conditionals="17" coveredconditionals="17" methods="13" coveredmethods="13"/>
        <line num="12" count="5" type="stmt"/>
        <line num="17" count="10" type="cond" truecount="5" falsecount="0"/>
        <line num="18" count="1" type="stmt"/>
        <line num="21" count="9" type="cond" truecount="2" falsecount="0"/>
        <line num="22" count="4" type="stmt"/>
        <line num="23" count="4" type="stmt"/>
        <line num="24" count="4" type="stmt"/>
        <line num="28" count="1" type="stmt"/>
        <line num="29" count="1" type="stmt"/>
        <line num="30" count="4" type="stmt"/>
        <line num="31" count="1" type="stmt"/>
        <line num="35" count="4" type="cond" truecount="6" falsecount="0"/>
        <line num="36" count="2" type="stmt"/>
        <line num="38" count="2" type="stmt"/>
        <line num="42" count="7" type="cond" truecount="2" falsecount="0"/>
        <line num="43" count="4" type="stmt"/>
        <line num="45" count="12" type="cond" truecount="2" falsecount="0"/>
        <line num="46" count="10" type="stmt"/>
      </file>
    </package>
    <package name="Cell">
      <metrics statements="5" coveredstatements="5" conditionals="0" coveredconditionals="0" methods="3" coveredmethods="3"/>
      <file name="Cell.ts" path="/Users/nikolajartemov/projects/ab/src/Cell/Cell.ts">
        <metrics statements="5" coveredstatements="5" conditionals="0" coveredconditionals="0" methods="3" coveredmethods="3"/>
        <line num="5" count="1" type="stmt"/>
        <line num="8" count="7" type="stmt"/>
        <line num="9" count="7" type="stmt"/>
        <line num="12" count="7" type="stmt"/>
        <line num="13" count="1" type="stmt"/>
      </file>
      <file name="index.ts" path="/Users/nikolajartemov/projects/ab/src/Cell/index.ts">
        <metrics statements="0" coveredstatements="0" conditionals="0" coveredconditionals="0" methods="0" coveredmethods="0"/>
      </file>
    </package>
  </project>
</coverage>
