{"C:\\Users\\alukard\\Documents\\GitHub\\ab\\src\\Board\\Board.ts": {"path":"C:\\Users\\alukard\\Documents\\GitHub\\ab\\src\\Board\\Board.ts","statementMap":{"0":{"start":{"line":9,"column":8},"end":{"line":10,"column":60}},"1":{"start":{"line":14,"column":8},"end":{"line":16,"column":9}},"2":{"start":{"line":14,"column":79},"end":{"line":14,"column":103}},"3":{"start":{"line":15,"column":12},"end":{"line":15,"column":71}},"4":{"start":{"line":18,"column":8},"end":{"line":18,"column":30}},"5":{"start":{"line":19,"column":8},"end":{"line":19,"column":58}},"6":{"start":{"line":20,"column":8},"end":{"line":20,"column":20}},"7":{"start":{"line":24,"column":8},"end":{"line":24,"column":78}},"8":{"start":{"line":24,"column":43},"end":{"line":24,"column":76}},"9":{"start":{"line":24,"column":57},"end":{"line":24,"column":75}},"10":{"start":{"line":25,"column":8},"end":{"line":25,"column":47}},"11":{"start":{"line":26,"column":8},"end":{"line":26,"column":20}},"12":{"start":{"line":30,"column":8},"end":{"line":30,"column":69}},"13":{"start":{"line":31,"column":25},"end":{"line":31,"column":44}},"14":{"start":{"line":32,"column":8},"end":{"line":32,"column":75}},"15":{"start":{"line":32,"column":53},"end":{"line":32,"column":73}},"16":{"start":{"line":33,"column":8},"end":{"line":33,"column":26}},"17":{"start":{"line":37,"column":8},"end":{"line":39,"column":9}},"18":{"start":{"line":38,"column":12},"end":{"line":38,"column":19}},"19":{"start":{"line":40,"column":8},"end":{"line":40,"column":69}},"20":{"start":{"line":44,"column":8},"end":{"line":44,"column":44}},"21":{"start":{"line":48,"column":8},"end":{"line":49,"column":63}},"22":{"start":{"line":48,"column":39},"end":{"line":48,"column":60}},"23":{"start":{"line":48,"column":56},"end":{"line":48,"column":59}},"24":{"start":{"line":49,"column":39},"end":{"line":49,"column":61}},"25":{"start":{"line":49,"column":56},"end":{"line":49,"column":60}}},"fnMap":{"0":{"name":"(anonymous_0)","decl":{"start":{"line":8,"column":4},"end":{"line":8,"column":5}},"loc":{"start":{"line":8,"column":122},"end":{"line":11,"column":5}},"line":8},"1":{"name":"(anonymous_1)","decl":{"start":{"line":13,"column":4},"end":{"line":13,"column":5}},"loc":{"start":{"line":13,"column":50},"end":{"line":21,"column":5}},"line":13},"2":{"name":"(anonymous_2)","decl":{"start":{"line":14,"column":72},"end":{"line":14,"column":73}},"loc":{"start":{"line":14,"column":79},"end":{"line":14,"column":103}},"line":14},"3":{"name":"(anonymous_3)","decl":{"start":{"line":23,"column":4},"end":{"line":23,"column":5}},"loc":{"start":{"line":23,"column":31},"end":{"line":27,"column":5}},"line":23},"4":{"name":"(anonymous_4)","decl":{"start":{"line":24,"column":36},"end":{"line":24,"column":37}},"loc":{"start":{"line":24,"column":43},"end":{"line":24,"column":76}},"line":24},"5":{"name":"(anonymous_5)","decl":{"start":{"line":24,"column":51},"end":{"line":24,"column":52}},"loc":{"start":{"line":24,"column":57},"end":{"line":24,"column":75}},"line":24},"6":{"name":"(anonymous_6)","decl":{"start":{"line":29,"column":4},"end":{"line":29,"column":5}},"loc":{"start":{"line":29,"column":27},"end":{"line":34,"column":5}},"line":29},"7":{"name":"(anonymous_7)","decl":{"start":{"line":32,"column":41},"end":{"line":32,"column":42}},"loc":{"start":{"line":32,"column":53},"end":{"line":32,"column":73}},"line":32},"8":{"name":"(anonymous_8)","decl":{"start":{"line":36,"column":4},"end":{"line":36,"column":5}},"loc":{"start":{"line":36,"column":31},"end":{"line":41,"column":5}},"line":36},"9":{"name":"(anonymous_9)","decl":{"start":{"line":43,"column":4},"end":{"line":43,"column":5}},"loc":{"start":{"line":43,"column":37},"end":{"line":45,"column":5}},"line":43},"10":{"name":"(anonymous_10)","decl":{"start":{"line":47,"column":4},"end":{"line":47,"column":5}},"loc":{"start":{"line":47,"column":26},"end":{"line":50,"column":5}},"line":47},"11":{"name":"(anonymous_11)","decl":{"start":{"line":48,"column":32},"end":{"line":48,"column":33}},"loc":{"start":{"line":48,"column":39},"end":{"line":48,"column":60}},"line":48},"12":{"name":"(anonymous_12)","decl":{"start":{"line":48,"column":49},"end":{"line":48,"column":50}},"loc":{"start":{"line":48,"column":56},"end":{"line":48,"column":59}},"line":48},"13":{"name":"(anonymous_13)","decl":{"start":{"line":49,"column":32},"end":{"line":49,"column":33}},"loc":{"start":{"line":49,"column":39},"end":{"line":49,"column":61}},"line":49},"14":{"name":"(anonymous_14)","decl":{"start":{"line":49,"column":49},"end":{"line":49,"column":50}},"loc":{"start":{"line":49,"column":56},"end":{"line":49,"column":60}},"line":49}},"branchMap":{"0":{"loc":{"start":{"line":14,"column":8},"end":{"line":16,"column":9}},"type":"if","locations":[{"start":{"line":14,"column":8},"end":{"line":16,"column":9}},{"start":{},"end":{}}],"line":14},"1":{"loc":{"start":{"line":14,"column":12},"end":{"line":14,"column":105}},"type":"binary-expr","locations":[{"start":{"line":14,"column":12},"end":{"line":14,"column":20}},{"start":{"line":14,"column":25},"end":{"line":14,"column":54}},{"start":{"line":14,"column":58},"end":{"line":14,"column":104}}],"line":14},"2":{"loc":{"start":{"line":37,"column":8},"end":{"line":39,"column":9}},"type":"if","locations":[{"start":{"line":37,"column":8},"end":{"line":39,"column":9}},{"start":{},"end":{}}],"line":37},"3":{"loc":{"start":{"line":37,"column":12},"end":{"line":37,"column":92}},"type":"binary-expr","locations":[{"start":{"line":37,"column":12},"end":{"line":37,"column":23}},{"start":{"line":37,"column":27},"end":{"line":37,"column":50}},{"start":{"line":37,"column":54},"end":{"line":37,"column":65}},{"start":{"line":37,"column":69},"end":{"line":37,"column":92}}],"line":37},"4":{"loc":{"start":{"line":48,"column":15},"end":{"line":49,"column":62}},"type":"binary-expr","locations":[{"start":{"line":48,"column":15},"end":{"line":48,"column":61}},{"start":{"line":49,"column":15},"end":{"line":49,"column":62}}],"line":48}},"s":{"0":5,"1":4,"2":10,"3":1,"4":3,"5":3,"6":3,"7":1,"8":3,"9":9,"10":1,"11":1,"12":1,"13":1,"14":1,"15":4,"16":1,"17":4,"18":2,"19":2,"20":4,"21":3,"22":5,"23":12,"24":4,"25":10},"f":{"0":5,"1":4,"2":10,"3":1,"4":3,"5":9,"6":1,"7":4,"8":4,"9":4,"10":3,"11":5,"12":12,"13":4,"14":10},"b":{"0":[1,3],"1":[4,4,4],"2":[2,2],"3":[4,3,3,2],"4":[3,2]},"_coverageSchema":"1a1c01bbd47fc00a2c39e90264f33305004495a9","hash":"253d30eafac61c1d247545d418114f6fc388b5a0"}
,"C:\\Users\\alukard\\Documents\\GitHub\\ab\\src\\Point\\Point.ts": {"path":"C:\\Users\\alukard\\Documents\\GitHub\\ab\\src\\Point\\Point.ts","statementMap":{"0":{"start":{"line":5,"column":21},"end":{"line":5,"column":50}},"1":{"start":{"line":5,"column":27},"end":{"line":5,"column":50}},"2":{"start":{"line":8,"column":8},"end":{"line":8,"column":19}},"3":{"start":{"line":9,"column":8},"end":{"line":9,"column":19}},"4":{"start":{"line":12,"column":18},"end":{"line":20,"column":5}},"5":{"start":{"line":13,"column":8},"end":{"line":18,"column":10}}},"fnMap":{"0":{"name":"(anonymous_0)","decl":{"start":{"line":5,"column":21},"end":{"line":5,"column":22}},"loc":{"start":{"line":5,"column":27},"end":{"line":5,"column":50}},"line":5},"1":{"name":"(anonymous_1)","decl":{"start":{"line":7,"column":4},"end":{"line":7,"column":5}},"loc":{"start":{"line":7,"column":50},"end":{"line":10,"column":5}},"line":7},"2":{"name":"(anonymous_2)","decl":{"start":{"line":12,"column":18},"end":{"line":12,"column":19}},"loc":{"start":{"line":12,"column":24},"end":{"line":20,"column":5}},"line":12}},"branchMap":{},"s":{"0":1,"1":1,"2":7,"3":7,"4":7,"5":1},"f":{"0":1,"1":7,"2":1},"b":{},"_coverageSchema":"1a1c01bbd47fc00a2c39e90264f33305004495a9","hash":"95c5da980b920e252246cc7b33c4f34adddf7e01"}
,"C:\\Users\\alukard\\Documents\\GitHub\\ab\\src\\Point\\index.ts": {"path":"C:\\Users\\alukard\\Documents\\GitHub\\ab\\src\\Point\\index.ts","statementMap":{},"fnMap":{},"branchMap":{},"s":{},"f":{},"b":{},"_coverageSchema":"1a1c01bbd47fc00a2c39e90264f33305004495a9","hash":"5cc71d330967ffd4cea95b0acbd91ce0ad215425"}
}
