{"/Users/nikolajartemov/work/ab/src/public/js/field.js": {"path":"/Users/nikolajartemov/work/ab/src/public/js/field.js","statementMap":{"0":{"start":{"line":7,"column":15},"end":{"line":7,"column":46}},"1":{"start":{"line":8,"column":1},"end":{"line":8,"column":41}},"2":{"start":{"line":9,"column":14},"end":{"line":9,"column":33}},"3":{"start":{"line":10,"column":1},"end":{"line":19,"column":2}},"4":{"start":{"line":10,"column":14},"end":{"line":10,"column":15}},"5":{"start":{"line":11,"column":14},"end":{"line":11,"column":30}},"6":{"start":{"line":12,"column":2},"end":{"line":12,"column":34}},"7":{"start":{"line":13,"column":2},"end":{"line":13,"column":43}},"8":{"start":{"line":14,"column":2},"end":{"line":18,"column":3}},"9":{"start":{"line":14,"column":15},"end":{"line":14,"column":16}},"10":{"start":{"line":15,"column":16},"end":{"line":15,"column":32}},"11":{"start":{"line":16,"column":3},"end":{"line":16,"column":40}},"12":{"start":{"line":17,"column":3},"end":{"line":17,"column":51}},"13":{"start":{"line":20,"column":1},"end":{"line":20,"column":13}},"14":{"start":{"line":30,"column":1},"end":{"line":30,"column":40}},"15":{"start":{"line":31,"column":1},"end":{"line":31,"column":26}},"16":{"start":{"line":32,"column":1},"end":{"line":32,"column":12}},"17":{"start":{"line":41,"column":18},"end":{"line":41,"column":38}},"18":{"start":{"line":42,"column":1},"end":{"line":42,"column":40}},"19":{"start":{"line":43,"column":1},"end":{"line":43,"column":61}},"20":{"start":{"line":44,"column":1},"end":{"line":44,"column":12}},"21":{"start":{"line":52,"column":14},"end":{"line":52,"column":22}},"22":{"start":{"line":53,"column":1},"end":{"line":53,"column":18}},"23":{"start":{"line":54,"column":21},"end":{"line":54,"column":81}},"24":{"start":{"line":55,"column":1},"end":{"line":55,"column":31}},"25":{"start":{"line":64,"column":1},"end":{"line":64,"column":47}},"26":{"start":{"line":72,"column":16},"end":{"line":72,"column":65}},"27":{"start":{"line":73,"column":1},"end":{"line":73,"column":35}},"28":{"start":{"line":78,"column":0},"end":{"line":85,"column":1}},"29":{"start":{"line":79,"column":1},"end":{"line":84,"column":2}}},"fnMap":{"0":{"name":"renderField","decl":{"start":{"line":6,"column":9},"end":{"line":6,"column":20}},"loc":{"start":{"line":6,"column":24},"end":{"line":21,"column":1}},"line":6},"1":{"name":"updateCell","decl":{"start":{"line":29,"column":9},"end":{"line":29,"column":19}},"loc":{"start":{"line":29,"column":33},"end":{"line":33,"column":1}},"line":29},"2":{"name":"toggleCell","decl":{"start":{"line":40,"column":9},"end":{"line":40,"column":19}},"loc":{"start":{"line":40,"column":26},"end":{"line":45,"column":1}},"line":40},"3":{"name":"onClickHandler","decl":{"start":{"line":51,"column":9},"end":{"line":51,"column":23}},"loc":{"start":{"line":51,"column":27},"end":{"line":57,"column":1}},"line":51},"4":{"name":"initCell","decl":{"start":{"line":63,"column":9},"end":{"line":63,"column":17}},"loc":{"start":{"line":63,"column":24},"end":{"line":65,"column":1}},"line":63},"5":{"name":"updateSiblingCell","decl":{"start":{"line":71,"column":9},"end":{"line":71,"column":26}},"loc":{"start":{"line":71,"column":33},"end":{"line":75,"column":1}},"line":71}},"branchMap":{"0":{"loc":{"start":{"line":43,"column":20},"end":{"line":43,"column":60}},"type":"cond-expr","locations":[{"start":{"line":43,"column":43},"end":{"line":43,"column":50}},{"start":{"line":43,"column":53},"end":{"line":43,"column":60}}],"line":43},"1":{"loc":{"start":{"line":54,"column":42},"end":{"line":54,"column":80}},"type":"cond-expr","locations":[{"start":{"line":54,"column":63},"end":{"line":54,"column":70}},{"start":{"line":54,"column":73},"end":{"line":54,"column":80}}],"line":54},"2":{"loc":{"start":{"line":78,"column":0},"end":{"line":85,"column":1}},"type":"if","locations":[{"start":{"line":78,"column":0},"end":{"line":85,"column":1}},{"start":{"line":78,"column":0},"end":{"line":85,"column":1}}],"line":78}},"s":{"0":2,"1":2,"2":2,"3":2,"4":2,"5":7,"6":7,"7":7,"8":7,"9":7,"10":25,"11":25,"12":25,"13":2,"14":2,"15":2,"16":2,"17":0,"18":0,"19":0,"20":0,"21":0,"22":0,"23":0,"24":0,"25":0,"26":0,"27":0,"28":1,"29":1},"f":{"0":2,"1":2,"2":0,"3":0,"4":0,"5":0},"b":{"0":[0,0],"1":[0,0],"2":[1,0]},"_coverageSchema":"43e27e138ebf9cfc5966b082cf9a028302ed4184","hash":"20520f9ce3335ca638d0ede87825fa215659eef7"}
,"/Users/nikolajartemov/work/ab/src/public/js/sum.js": {"path":"/Users/nikolajartemov/work/ab/src/public/js/sum.js","statementMap":{"0":{"start":{"line":1,"column":12},"end":{"line":3,"column":1}},"1":{"start":{"line":2,"column":4},"end":{"line":2,"column":17}},"2":{"start":{"line":5,"column":0},"end":{"line":9,"column":1}},"3":{"start":{"line":6,"column":4},"end":{"line":8,"column":6}}},"fnMap":{"0":{"name":"(anonymous_0)","decl":{"start":{"line":1,"column":12},"end":{"line":1,"column":13}},"loc":{"start":{"line":1,"column":22},"end":{"line":3,"column":1}},"line":1}},"branchMap":{"0":{"loc":{"start":{"line":5,"column":0},"end":{"line":9,"column":1}},"type":"if","locations":[{"start":{"line":5,"column":0},"end":{"line":9,"column":1}},{"start":{"line":5,"column":0},"end":{"line":9,"column":1}}],"line":5}},"s":{"0":1,"1":1,"2":1,"3":1},"f":{"0":1},"b":{"0":[1,0]},"_coverageSchema":"43e27e138ebf9cfc5966b082cf9a028302ed4184","hash":"b302c88e37abe0dd666c9375d7daf8e670aefb9b"}
}
