TN:
SF:src/Board/Board.ts
FN:11,(anonymous_0)
FN:16,(anonymous_1)
FN:17,(anonymous_2)
FN:21,(anonymous_3)
FN:21,(anonymous_4)
FN:27,(anonymous_5)
FN:30,(anonymous_6)
FN:34,(anonymous_7)
FN:41,(anonymous_8)
FN:45,(anonymous_9)
FN:45,(anonymous_10)
FN:46,(anonymous_11)
FN:46,(anonymous_12)
FNF:13
FNH:13
FNDA:5,(anonymous_0)
FNDA:5,(anonymous_1)
FNDA:10,(anonymous_2)
FNDA:3,(anonymous_3)
FNDA:9,(anonymous_4)
FNDA:1,(anonymous_5)
FNDA:4,(anonymous_6)
FNDA:4,(anonymous_7)
FNDA:7,(anonymous_8)
FNDA:5,(anonymous_9)
FNDA:12,(anonymous_10)
FNDA:4,(anonymous_11)
FNDA:10,(anonymous_12)
DA:12,5
DA:17,10
DA:18,1
DA:21,9
DA:22,4
DA:23,4
DA:24,4
DA:28,1
DA:29,1
DA:30,4
DA:31,1
DA:35,4
DA:36,2
DA:38,2
DA:42,7
DA:43,4
DA:45,12
DA:46,10
LF:18
LH:18
BRDA:17,0,0,1
BRDA:17,0,1,4
BRDA:17,1,0,5
BRDA:17,1,1,4
BRDA:17,1,2,4
BRDA:21,2,0,4
BRDA:21,2,1,1
BRDA:35,3,0,2
BRDA:35,3,1,2
BRDA:35,4,0,4
BRDA:35,4,1,3
BRDA:35,4,2,3
BRDA:35,4,3,2
BRDA:42,5,0,4
BRDA:42,5,1,3
BRDA:45,6,0,3
BRDA:45,6,1,2
BRF:17
BRH:17
end_of_record
TN:
SF:src/Cell/Cell.ts
FN:5,(anonymous_0)
FN:7,(anonymous_1)
FN:12,(anonymous_2)
FNF:3
FNH:3
FNDA:1,(anonymous_0)
FNDA:7,(anonymous_1)
FNDA:1,(anonymous_2)
DA:5,1
DA:8,7
DA:9,7
DA:12,7
DA:13,1
LF:5
LH:5
BRF:0
BRH:0
end_of_record
TN:
SF:src/Cell/index.ts
FNF:0
FNH:0
LF:0
LH:0
BRF:0
BRH:0
end_of_record
