TN:
SF:/Users/nikolajartemov/work/ab/src/public/js/field.js
FN:1,initGame
FN:13,renderTable
FN:34,setHandlers
FN:38,(anonymous_3)
FN:47,setColors
FN:62,updateCell
FN:73,toggleCell
FN:85,onClickHandler
FN:98,checkWin
FN:124,toggleByCell
FN:140,updateSiblingCell
FN:142,(anonymous_11)
FNF:12
FNH:11
FNDA:1,initGame
FNDA:8,renderTable
FNDA:4,setHandlers
FNDA:0,(anonymous_3)
FNDA:3,setColors
FNDA:25,updateCell
FNDA:11,toggleCell
FNDA:2,onClickHandler
FNDA:4,checkWin
FNDA:8,toggleByCell
FNDA:2,updateSiblingCell
FNDA:4,(anonymous_11)
DA:2,1
DA:3,1
DA:4,1
DA:5,1
DA:14,8
DA:15,8
DA:16,8
DA:17,8
DA:18,23
DA:19,23
DA:20,23
DA:21,23
DA:22,71
DA:23,71
DA:24,71
DA:27,8
DA:35,4
DA:36,4
DA:37,9
DA:38,21
DA:48,3
DA:49,3
DA:50,6
DA:51,12
DA:63,25
DA:64,25
DA:65,25
DA:74,11
DA:75,11
DA:76,11
DA:77,11
DA:86,2
DA:87,2
DA:88,2
DA:89,2
DA:90,2
DA:99,4
DA:100,1
DA:102,3
DA:103,3
DA:107,3
DA:108,7
DA:109,17
DA:111,9
DA:112,9
DA:114,8
DA:118,3
DA:125,8
DA:126,4
DA:127,4
DA:142,4
DA:144,2
DA:145,2
DA:147,2
DA:148,2
DA:150,2
DA:151,2
DA:153,2
DA:154,2
DA:158,1
DA:159,1
LF:61
LH:61
BRDA:51,0,0,4
BRDA:51,0,1,8
BRDA:76,1,0,1
BRDA:76,1,1,10
BRDA:90,2,0,2
BRDA:90,2,1,1
BRDA:90,2,2,0
BRDA:90,2,3,0
BRDA:99,3,0,1
BRDA:99,3,1,3
BRDA:109,4,0,9
BRDA:109,4,1,8
BRDA:119,5,0,3
BRDA:119,5,1,2
BRDA:120,6,0,1
BRDA:120,6,1,2
BRDA:125,7,0,4
BRDA:125,7,1,4
BRDA:127,8,0,4
BRDA:127,8,1,4
BRDA:127,8,2,4
BRDA:127,8,3,4
BRDA:127,8,4,4
BRDA:140,9,0,1
BRDA:158,10,0,1
BRDA:158,10,1,0
BRF:26
BRH:23
end_of_record
